Total DISK READ:         0.00 K/s | Total DISK WRITE:         0.00 K/s
Current DISK READ:       0.00 K/s | Current DISK WRITE:       0.00 K/s
    TID  PRIO  USER     DISK READ  DISK WRITE  SWAPIN      IO    COMMAND
Total DISK READ:         0.00 K/s | Total DISK WRITE:         0.00 K/s
Current DISK READ:       0.00 K/s | Current DISK WRITE:  175191.33 K/s
    TID  PRIO  USER     DISK READ  DISK WRITE  SWAPIN      IO    COMMAND
Total DISK READ:         0.00 K/s | Total DISK WRITE:         0.00 K/s
Current DISK READ:       0.00 K/s | Current DISK WRITE:  196337.19 K/s
    TID  PRIO  USER     DISK READ  DISK WRITE  SWAPIN      IO    COMMAND
Total DISK READ:         0.00 K/s | Total DISK WRITE:         0.00 K/s
Current DISK READ:       0.00 K/s | Current DISK WRITE:  193556.44 K/s
    TID  PRIO  USER     DISK READ  DISK WRITE  SWAPIN      IO    COMMAND
Total DISK READ:         0.00 K/s | Total DISK WRITE:         0.00 K/s
Current DISK READ:       0.00 K/s | Current DISK WRITE:  187121.69 K/s
    TID  PRIO  USER     DISK READ  DISK WRITE  SWAPIN      IO    COMMAND
Total DISK READ:         0.00 K/s | Total DISK WRITE:         0.00 K/s
Current DISK READ:       0.00 K/s | Current DISK WRITE:  195628.81 K/s
    TID  PRIO  USER     DISK READ  DISK WRITE  SWAPIN      IO    COMMAND
Total DISK READ:         0.00 K/s | Total DISK WRITE:         0.00 K/s
Current DISK READ:       0.00 K/s | Current DISK WRITE:  154893.25 K/s
    TID  PRIO  USER     DISK READ  DISK WRITE  SWAPIN      IO    COMMAND
Total DISK READ:         0.00 K/s | Total DISK WRITE:         0.00 K/s
Current DISK READ:       0.00 K/s | Current DISK WRITE:  216901.54 K/s
    TID  PRIO  USER     DISK READ  DISK WRITE  SWAPIN      IO    COMMAND
Total DISK READ:         0.00 K/s | Total DISK WRITE:         0.00 K/s
Current DISK READ:       0.00 K/s | Current DISK WRITE:   99846.07 K/s
    TID  PRIO  USER     DISK READ  DISK WRITE  SWAPIN      IO    COMMAND
Total DISK READ:         0.00 K/s | Total DISK WRITE:         0.00 K/s
Current DISK READ:       0.00 K/s | Current DISK WRITE:  184552.42 K/s
    TID  PRIO  USER     DISK READ  DISK WRITE  SWAPIN      IO    COMMAND
Total DISK READ:         0.00 K/s | Total DISK WRITE:         0.00 K/s
Current DISK READ:       0.00 K/s | Current DISK WRITE:  185153.11 K/s
    TID  PRIO  USER     DISK READ  DISK WRITE  SWAPIN      IO    COMMAND
Total DISK READ:         0.00 K/s | Total DISK WRITE:         0.00 K/s
Current DISK READ:       0.00 K/s | Current DISK WRITE:  120113.85 K/s
    TID  PRIO  USER     DISK READ  DISK WRITE  SWAPIN      IO    COMMAND
Total DISK READ:         0.00 K/s | Total DISK WRITE:         0.00 K/s
Current DISK READ:       0.00 K/s | Current DISK WRITE:  115240.18 K/s
    TID  PRIO  USER     DISK READ  DISK WRITE  SWAPIN      IO    COMMAND
Total DISK READ:         0.00 K/s | Total DISK WRITE:         0.00 K/s
Current DISK READ:       0.00 K/s | Current DISK WRITE:  114565.45 K/s
    TID  PRIO  USER     DISK READ  DISK WRITE  SWAPIN      IO    COMMAND
Total DISK READ:         0.00 K/s | Total DISK WRITE:         0.00 K/s
Current DISK READ:       0.00 K/s | Current DISK WRITE:  124089.35 K/s
    TID  PRIO  USER     DISK READ  DISK WRITE  SWAPIN      IO    COMMAND
Total DISK READ:         0.00 K/s | Total DISK WRITE:         0.00 K/s
Current DISK READ:       0.00 K/s | Current DISK WRITE:  117399.73 K/s
    TID  PRIO  USER     DISK READ  DISK WRITE  SWAPIN      IO    COMMAND
Total DISK READ:         0.00 K/s | Total DISK WRITE:         0.00 K/s
Current DISK READ:       0.00 K/s | Current DISK WRITE:  123212.97 K/s
    TID  PRIO  USER     DISK READ  DISK WRITE  SWAPIN      IO    COMMAND
Total DISK READ:         0.00 K/s | Total DISK WRITE:         0.00 K/s
Current DISK READ:       0.00 K/s | Current DISK WRITE:  114462.97 K/s
    TID  PRIO  USER     DISK READ  DISK WRITE  SWAPIN      IO    COMMAND
Total DISK READ:         0.00 K/s | Total DISK WRITE:         0.00 K/s
Current DISK READ:       0.00 K/s | Current DISK WRITE:  116286.44 K/s
    TID  PRIO  USER     DISK READ  DISK WRITE  SWAPIN      IO    COMMAND
Total DISK READ:         0.00 K/s | Total DISK WRITE:         0.00 K/s
Current DISK READ:       0.00 K/s | Current DISK WRITE:  123636.56 K/s
    TID  PRIO  USER     DISK READ  DISK WRITE  SWAPIN      IO    COMMAND
Total DISK READ:         0.00 K/s | Total DISK WRITE:         0.00 K/s
Current DISK READ:       0.00 K/s | Current DISK WRITE:  116566.65 K/s
    TID  PRIO  USER     DISK READ  DISK WRITE  SWAPIN      IO    COMMAND
Total DISK READ:         0.00 K/s | Total DISK WRITE:         0.00 K/s
Current DISK READ:       0.00 K/s | Current DISK WRITE:  112698.95 K/s
    TID  PRIO  USER     DISK READ  DISK WRITE  SWAPIN      IO    COMMAND
Total DISK READ:         0.00 K/s | Total DISK WRITE:         0.00 K/s
Current DISK READ:       0.00 K/s | Current DISK WRITE:  118715.51 K/s
    TID  PRIO  USER     DISK READ  DISK WRITE  SWAPIN      IO    COMMAND
Total DISK READ:         0.00 K/s | Total DISK WRITE:         0.00 K/s
Current DISK READ:      19.95 K/s | Current DISK WRITE:  121405.22 K/s
    TID  PRIO  USER     DISK READ  DISK WRITE  SWAPIN      IO    COMMAND
Total DISK READ:         0.00 K/s | Total DISK WRITE:         0.00 K/s
Current DISK READ:       0.00 K/s | Current DISK WRITE:  120302.59 K/s
    TID  PRIO  USER     DISK READ  DISK WRITE  SWAPIN      IO    COMMAND
Total DISK READ:         0.00 K/s | Total DISK WRITE:         0.00 K/s
Current DISK READ:       0.00 K/s | Current DISK WRITE:  116653.43 K/s
    TID  PRIO  USER     DISK READ  DISK WRITE  SWAPIN      IO    COMMAND
Total DISK READ:         0.00 K/s | Total DISK WRITE:         0.00 K/s
Current DISK READ:       0.00 K/s | Current DISK WRITE:  109143.78 K/s
    TID  PRIO  USER     DISK READ  DISK WRITE  SWAPIN      IO    COMMAND
Total DISK READ:         0.00 K/s | Total DISK WRITE:         0.00 K/s
Current DISK READ:       0.00 K/s | Current DISK WRITE:  118759.76 K/s
    TID  PRIO  USER     DISK READ  DISK WRITE  SWAPIN      IO    COMMAND
Total DISK READ:         0.00 K/s | Total DISK WRITE:         0.00 K/s
Current DISK READ:       0.00 K/s | Current DISK WRITE:  123489.67 K/s
    TID  PRIO  USER     DISK READ  DISK WRITE  SWAPIN      IO    COMMAND
Total DISK READ:         0.00 K/s | Total DISK WRITE:         0.00 K/s
Current DISK READ:       0.00 K/s | Current DISK WRITE:  111534.64 K/s
    TID  PRIO  USER     DISK READ  DISK WRITE  SWAPIN      IO    COMMAND
Total DISK READ:         0.00 K/s | Total DISK WRITE:         0.00 K/s
Current DISK READ:       0.00 K/s | Current DISK WRITE:  100917.35 K/s
    TID  PRIO  USER     DISK READ  DISK WRITE  SWAPIN      IO    COMMAND
